# JRE version: OpenJDK Runtime Environment Temurin-17.0.15+6 (17.0.15+6) (build 17.0.15+6)
# Java VM: OpenJDK 64-Bit Server VM Temurin-17.0.15+6 (17.0.15+6, mixed mode, sharing, tiered, compressed oops, compressed class ptrs, g1 gc, windows-amd64)
GC Precious Log:
 CPUs: 16 total, 16 available
 Memory: 7436M
 Large Page Support: Disabled
 NUMA Support: Disabled
 Compressed Oops: Enabled (Zero based)
 Heap Region Size: 4M
 Heap Min Capacity: 8M
 Heap Initial Capacity: 120M
 Heap Max Capacity: 8G
 Pre-touch: Disabled
 Parallel Workers: 13
 Concurrent Workers: 3
 Concurrent Refinement Workers: 13
 Periodic GC: Disabled
Heap:
 garbage-first heap   total 233472K, used 149949K [0x0000000600000000, 0x0000000800000000)
  region size 4096K, 1 young (4096K), 1 survivors (4096K)
 Metaspace       used 86241K, committed 87232K, reserved 1179648K
  class space    used 11969K, committed 12416K, reserved 1048576K
GC Heap History (20 events):
Event: 41.162 GC heap after
{Heap after GC invocations=43 (full 0):
 garbage-first heap   total 204800K, used 120678K [0x0000000600000000, 0x0000000800000000)
  region size 4096K, 1 young (4096K), 1 survivors (4096K)
 Metaspace       used 82269K, committed 83200K, reserved 1179648K
  class space    used 11472K, committed 11904K, reserved 1048576K
}
Event: 41.216 GC heap before
{Heap before GC invocations=43 (full 0):
 garbage-first heap   total 204800K, used 124774K [0x0000000600000000, 0x0000000800000000)
  region size 4096K, 2 young (8192K), 1 survivors (4096K)
 Metaspace       used 82492K, committed 83392K, reserved 1179648K
  class space    used 11507K, committed 11968K, reserved 1048576K
}
Event: 41.220 GC heap after
{Heap after GC invocations=44 (full 0):
 garbage-first heap   total 204800K, used 118032K [0x0000000600000000, 0x0000000800000000)
  region size 4096K, 1 young (4096K), 1 survivors (4096K)
 Metaspace       used 82492K, committed 83392K, reserved 1179648K
  class space    used 11507K, committed 11968K, reserved 1048576K
}
Event: 41.790 GC heap before
{Heap before GC invocations=44 (full 0):
 garbage-first heap   total 204800K, used 163088K [0x0000000600000000, 0x0000000800000000)
  region size 4096K, 12 young (49152K), 1 survivors (4096K)
 Metaspace       used 83461K, committed 84416K, reserved 1179648K
  class space    used 11630K, committed 12096K, reserved 1048576K
}
Event: 41.796 GC heap after
{Heap after GC invocations=45 (full 0):
 garbage-first heap   total 204800K, used 122027K [0x0000000600000000, 0x0000000800000000)
  region size 4096K, 2 young (8192K), 2 survivors (8192K)
 Metaspace       used 83461K, committed 84416K, reserved 1179648K
  class space    used 11630K, committed 12096K, reserved 1048576K
}
Event: 42.240 GC heap before
{Heap before GC invocations=46 (full 0):
 garbage-first heap   total 225280K, used 158891K [0x0000000600000000, 0x0000000800000000)
  region size 4096K, 11 young (45056K), 2 survivors (8192K)
 Metaspace       used 83652K, committed 84608K, reserved 1179648K
  class space    used 11662K, committed 12160K, reserved 1048576K
}
Event: 42.246 GC heap after
{Heap after GC invocations=47 (full 0):
 garbage-first heap   total 225280K, used 124152K [0x0000000600000000, 0x0000000800000000)
  region size 4096K, 2 young (8192K), 2 survivors (8192K)
 Metaspace       used 83652K, committed 84608K, reserved 1179648K
  class space    used 11662K, committed 12160K, reserved 1048576K
}
Event: 43.365 GC heap before
{Heap before GC invocations=47 (full 0):
 garbage-first heap   total 225280K, used 177400K [0x0000000600000000, 0x0000000800000000)
  region size 4096K, 16 young (65536K), 2 survivors (8192K)
 Metaspace       used 83973K, committed 84992K, reserved 1179648K
  class space    used 11675K, committed 12160K, reserved 1048576K
}
Event: 43.370 GC heap after
{Heap after GC invocations=48 (full 0):
 garbage-first heap   total 225280K, used 129840K [0x0000000600000000, 0x0000000800000000)
  region size 4096K, 2 young (8192K), 2 survivors (8192K)
 Metaspace       used 83973K, committed 84992K, reserved 1179648K
  class space    used 11675K, committed 12160K, reserved 1048576K
}
Event: 44.086 GC heap before
{Heap before GC invocations=49 (full 0):
 garbage-first heap   total 225280K, used 178992K [0x0000000600000000, 0x0000000800000000)
  region size 4096K, 15 young (61440K), 2 survivors (8192K)
 Metaspace       used 83973K, committed 84992K, reserved 1179648K
  class space    used 11675K, committed 12160K, reserved 1048576K
}
Event: 44.090 GC heap after
{Heap after GC invocations=50 (full 0):
 garbage-first heap   total 225280K, used 131465K [0x0000000600000000, 0x0000000800000000)
  region size 4096K, 1 young (4096K), 1 survivors (4096K)
 Metaspace       used 83973K, committed 84992K, reserved 1179648K
  class space    used 11675K, committed 12160K, reserved 1048576K
}
Event: 44.135 GC heap before
{Heap before GC invocations=50 (full 0):
 garbage-first heap   total 225280K, used 131465K [0x0000000600000000, 0x0000000800000000)
  region size 4096K, 2 young (8192K), 1 survivors (4096K)
 Metaspace       used 83974K, committed 84992K, reserved 1179648K
  class space    used 11675K, committed 12160K, reserved 1048576K
}
Event: 44.139 GC heap after
{Heap after GC invocations=51 (full 0):
 garbage-first heap   total 225280K, used 130221K [0x0000000600000000, 0x0000000800000000)
  region size 4096K, 1 young (4096K), 1 survivors (4096K)
 Metaspace       used 83974K, committed 84992K, reserved 1179648K
  class space    used 11675K, committed 12160K, reserved 1048576K
}
Event: 44.877 GC heap before
{Heap before GC invocations=51 (full 0):
 garbage-first heap   total 225280K, used 175277K [0x0000000600000000, 0x0000000800000000)
  region size 4096K, 13 young (53248K), 1 survivors (4096K)
 Metaspace       used 83975K, committed 84992K, reserved 1179648K
  class space    used 11676K, committed 12160K, reserved 1048576K
}
Event: 44.880 GC heap after
{Heap after GC invocations=52 (full 0):
 garbage-first heap   total 225280K, used 131998K [0x0000000600000000, 0x0000000800000000)
  region size 4096K, 1 young (4096K), 1 survivors (4096K)
 Metaspace       used 83975K, committed 84992K, reserved 1179648K
  class space    used 11676K, committed 12160K, reserved 1048576K
}
Event: 45.629 GC heap before
{Heap before GC invocations=53 (full 0):
 garbage-first heap   total 233472K, used 181150K [0x0000000600000000, 0x0000000800000000)
  region size 4096K, 13 young (53248K), 1 survivors (4096K)
 Metaspace       used 85807K, committed 86784K, reserved 1179648K
  class space    used 11926K, committed 12416K, reserved 1048576K
}
Event: 45.634 GC heap after
{Heap after GC invocations=54 (full 0):
 garbage-first heap   total 233472K, used 146634K [0x0000000600000000, 0x0000000800000000)
  region size 4096K, 2 young (8192K), 2 survivors (8192K)
 Metaspace       used 85807K, committed 86784K, reserved 1179648K
  class space    used 11926K, committed 12416K, reserved 1048576K
}
Event: 45.646 GC heap before
{Heap before GC invocations=54 (full 0):
 garbage-first heap   total 233472K, used 150730K [0x0000000600000000, 0x0000000800000000)
  region size 4096K, 3 young (12288K), 2 survivors (8192K)
 Metaspace       used 85807K, committed 86784K, reserved 1179648K
  class space    used 11926K, committed 12416K, reserved 1048576K
}
Event: 45.649 GC heap after
{Heap after GC invocations=55 (full 0):
 garbage-first heap   total 233472K, used 146669K [0x0000000600000000, 0x0000000800000000)
  region size 4096K, 1 young (4096K), 1 survivors (4096K)
 Metaspace       used 85807K, committed 86784K, reserved 1179648K
  class space    used 11926K, committed 12416K, reserved 1048576K
}
Event: 46.059 GC heap before
{Heap before GC invocations=55 (full 0):
 garbage-first heap   total 233472K, used 183533K [0x0000000600000000, 0x0000000800000000)
  region size 4096K, 10 young (40960K), 1 survivors (4096K)
 Metaspace       used 86241K, committed 87232K, reserved 1179648K
  class space    used 11969K, committed 12416K, reserved 1048576K
}

