# JRE version: OpenJDK Runtime Environment Temurin-21.0.7+6 (21.0.7+6) (build 21.0.7+6-LTS)
# Java VM: OpenJDK 64-Bit Server VM Temurin-21.0.7+6 (21.0.7+6-LTS, mixed mode, sharing, tiered, compressed oops, compressed class ptrs, parallel gc, windows-amd64)
GC Precious Log:
 CardTable entry size: 512
 CPUs: 16 total, 16 available
 Memory: 7436M
 Large Page Support: Disabled
 NUMA Support: Disabled
 Compressed Oops: Enabled (32-bit)
 Alignments: Space 512K, Generation 512K, Heap 2M
 Heap Min Capacity: 100M
 Heap Initial Capacity: 100M
 Heap Max Capacity: 2G
 Pre-touch: Disabled
 Parallel Workers: 13
Heap:
 PSYoungGen      total 23552K, used 10112K [0x00000000d5580000, 0x00000000d6f00000, 0x0000000100000000)
  eden space 20992K, 38% used [0x00000000d5580000,0x00000000d5d65d60,0x00000000d6a00000)
  from space 2560K, 79% used [0x00000000d6c80000,0x00000000d6e7a3c0,0x00000000d6f00000)
  to   space 2560K, 0% used [0x00000000d6a00000,0x00000000d6a00000,0x00000000d6c80000)
 ParOldGen       total 68608K, used 55398K [0x0000000080000000, 0x0000000084300000, 0x00000000d5580000)
  object space 68608K, 80% used [0x0000000080000000,0x0000000083619aa8,0x0000000084300000)
 Metaspace       used 67763K, committed 69248K, reserved 1114112K
  class space    used 8257K, committed 8896K, reserved 1048576K
GC Heap History (20 events):
Event: 79.402 GC heap before
{Heap before GC invocations=48 (full 3):
 PSYoungGen      total 22528K, used 22269K [0x00000000d5580000, 0x00000000d6d80000, 0x0000000100000000)
  eden space 22016K, 99% used [0x00000000d5580000,0x00000000d6aff508,0x00000000d6b00000)
  from space 512K, 50% used [0x00000000d6d00000,0x00000000d6d40000,0x00000000d6d80000)
  to   space 512K, 0% used [0x00000000d6c80000,0x00000000d6c80000,0x00000000d6d00000)
 ParOldGen       total 68608K, used 42736K [0x0000000080000000, 0x0000000084300000, 0x00000000d5580000)
  object space 68608K, 62% used [0x0000000080000000,0x00000000829bc2e8,0x0000000084300000)
 Metaspace       used 64243K, committed 65664K, reserved 1114112K
  class space    used 7901K, committed 8576K, reserved 1048576K
}
Event: 79.406 GC heap after
{Heap after GC invocations=48 (full 3):
 PSYoungGen      total 22528K, used 256K [0x00000000d5580000, 0x00000000d6d80000, 0x0000000100000000)
  eden space 22016K, 0% used [0x00000000d5580000,0x00000000d5580000,0x00000000d6b00000)
  from space 512K, 50% used [0x00000000d6c80000,0x00000000d6cc0000,0x00000000d6d00000)
  to   space 512K, 0% used [0x00000000d6d00000,0x00000000d6d00000,0x00000000d6d80000)
 ParOldGen       total 68608K, used 42736K [0x0000000080000000, 0x0000000084300000, 0x00000000d5580000)
  object space 68608K, 62% used [0x0000000080000000,0x00000000829bc2e8,0x0000000084300000)
 Metaspace       used 64243K, committed 65664K, reserved 1114112K
  class space    used 7901K, committed 8576K, reserved 1048576K
}
Event: 90.261 GC heap before
{Heap before GC invocations=49 (full 3):
 PSYoungGen      total 22528K, used 22272K [0x00000000d5580000, 0x00000000d6d80000, 0x0000000100000000)
  eden space 22016K, 100% used [0x00000000d5580000,0x00000000d6b00000,0x00000000d6b00000)
  from space 512K, 50% used [0x00000000d6c80000,0x00000000d6cc0000,0x00000000d6d00000)
  to   space 512K, 0% used [0x00000000d6d00000,0x00000000d6d00000,0x00000000d6d80000)
 ParOldGen       total 68608K, used 42736K [0x0000000080000000, 0x0000000084300000, 0x00000000d5580000)
  object space 68608K, 62% used [0x0000000080000000,0x00000000829bc2e8,0x0000000084300000)
 Metaspace       used 64445K, committed 65920K, reserved 1114112K
  class space    used 7924K, committed 8576K, reserved 1048576K
}
Event: 90.265 GC heap after
{Heap after GC invocations=49 (full 3):
 PSYoungGen      total 22528K, used 384K [0x00000000d5580000, 0x00000000d6d80000, 0x0000000100000000)
  eden space 22016K, 0% used [0x00000000d5580000,0x00000000d5580000,0x00000000d6b00000)
  from space 512K, 75% used [0x00000000d6d00000,0x00000000d6d60000,0x00000000d6d80000)
  to   space 512K, 0% used [0x00000000d6c80000,0x00000000d6c80000,0x00000000d6d00000)
 ParOldGen       total 68608K, used 42808K [0x0000000080000000, 0x0000000084300000, 0x00000000d5580000)
  object space 68608K, 62% used [0x0000000080000000,0x00000000829ce2e8,0x0000000084300000)
 Metaspace       used 64445K, committed 65920K, reserved 1114112K
  class space    used 7924K, committed 8576K, reserved 1048576K
}
Event: 91.560 GC heap before
{Heap before GC invocations=50 (full 3):
 PSYoungGen      total 22528K, used 22400K [0x00000000d5580000, 0x00000000d6d80000, 0x0000000100000000)
  eden space 22016K, 100% used [0x00000000d5580000,0x00000000d6b00000,0x00000000d6b00000)
  from space 512K, 75% used [0x00000000d6d00000,0x00000000d6d60000,0x00000000d6d80000)
  to   space 512K, 0% used [0x00000000d6c80000,0x00000000d6c80000,0x00000000d6d00000)
 ParOldGen       total 68608K, used 42808K [0x0000000080000000, 0x0000000084300000, 0x00000000d5580000)
  object space 68608K, 62% used [0x0000000080000000,0x00000000829ce2e8,0x0000000084300000)
 Metaspace       used 65425K, committed 66880K, reserved 1114112K
  class space    used 8024K, committed 8640K, reserved 1048576K
}
Event: 91.570 GC heap after
{Heap after GC invocations=50 (full 3):
 PSYoungGen      total 22528K, used 497K [0x00000000d5580000, 0x00000000d6d80000, 0x0000000100000000)
  eden space 22016K, 0% used [0x00000000d5580000,0x00000000d5580000,0x00000000d6b00000)
  from space 512K, 97% used [0x00000000d6c80000,0x00000000d6cfc618,0x00000000d6d00000)
  to   space 512K, 0% used [0x00000000d6d00000,0x00000000d6d00000,0x00000000d6d80000)
 ParOldGen       total 68608K, used 43068K [0x0000000080000000, 0x0000000084300000, 0x00000000d5580000)
  object space 68608K, 62% used [0x0000000080000000,0x0000000082a0f390,0x0000000084300000)
 Metaspace       used 65425K, committed 66880K, reserved 1114112K
  class space    used 8024K, committed 8640K, reserved 1048576K
}
Event: 91.859 GC heap before
{Heap before GC invocations=51 (full 3):
 PSYoungGen      total 22528K, used 22513K [0x00000000d5580000, 0x00000000d6d80000, 0x0000000100000000)
  eden space 22016K, 100% used [0x00000000d5580000,0x00000000d6b00000,0x00000000d6b00000)
  from space 512K, 97% used [0x00000000d6c80000,0x00000000d6cfc618,0x00000000d6d00000)
  to   space 512K, 0% used [0x00000000d6d00000,0x00000000d6d00000,0x00000000d6d80000)
 ParOldGen       total 68608K, used 43068K [0x0000000080000000, 0x0000000084300000, 0x00000000d5580000)
  object space 68608K, 62% used [0x0000000080000000,0x0000000082a0f390,0x0000000084300000)
 Metaspace       used 66050K, committed 67520K, reserved 1114112K
  class space    used 8070K, committed 8704K, reserved 1048576K
}
Event: 91.862 GC heap after
{Heap after GC invocations=51 (full 3):
 PSYoungGen      total 21504K, used 480K [0x00000000d5580000, 0x00000000d7100000, 0x0000000100000000)
  eden space 20992K, 0% used [0x00000000d5580000,0x00000000d5580000,0x00000000d6a00000)
  from space 512K, 93% used [0x00000000d6d00000,0x00000000d6d78030,0x00000000d6d80000)
  to   space 3072K, 0% used [0x00000000d6a00000,0x00000000d6a00000,0x00000000d6d00000)
 ParOldGen       total 68608K, used 45092K [0x0000000080000000, 0x0000000084300000, 0x00000000d5580000)
  object space 68608K, 65% used [0x0000000080000000,0x0000000082c090f0,0x0000000084300000)
 Metaspace       used 66050K, committed 67520K, reserved 1114112K
  class space    used 8070K, committed 8704K, reserved 1048576K
}
Event: 91.971 GC heap before
{Heap before GC invocations=52 (full 3):
 PSYoungGen      total 21504K, used 21472K [0x00000000d5580000, 0x00000000d7100000, 0x0000000100000000)
  eden space 20992K, 100% used [0x00000000d5580000,0x00000000d6a00000,0x00000000d6a00000)
  from space 512K, 93% used [0x00000000d6d00000,0x00000000d6d78030,0x00000000d6d80000)
  to   space 3072K, 0% used [0x00000000d6a00000,0x00000000d6a00000,0x00000000d6d00000)
 ParOldGen       total 68608K, used 45092K [0x0000000080000000, 0x0000000084300000, 0x00000000d5580000)
  object space 68608K, 65% used [0x0000000080000000,0x0000000082c090f0,0x0000000084300000)
 Metaspace       used 66405K, committed 67904K, reserved 1114112K
  class space    used 8125K, committed 8768K, reserved 1048576K
}
Event: 91.975 GC heap after
{Heap after GC invocations=52 (full 3):
 PSYoungGen      total 23552K, used 2178K [0x00000000d5580000, 0x00000000d6f00000, 0x0000000100000000)
  eden space 20992K, 0% used [0x00000000d5580000,0x00000000d5580000,0x00000000d6a00000)
  from space 2560K, 85% used [0x00000000d6a00000,0x00000000d6c20810,0x00000000d6c80000)
  to   space 2560K, 0% used [0x00000000d6c80000,0x00000000d6c80000,0x00000000d6f00000)
 ParOldGen       total 68608K, used 45628K [0x0000000080000000, 0x0000000084300000, 0x00000000d5580000)
  object space 68608K, 66% used [0x0000000080000000,0x0000000082c8f120,0x0000000084300000)
 Metaspace       used 66405K, committed 67904K, reserved 1114112K
  class space    used 8125K, committed 8768K, reserved 1048576K
}
Event: 92.018 GC heap before
{Heap before GC invocations=53 (full 3):
 PSYoungGen      total 23552K, used 23170K [0x00000000d5580000, 0x00000000d6f00000, 0x0000000100000000)
  eden space 20992K, 100% used [0x00000000d5580000,0x00000000d6a00000,0x00000000d6a00000)
  from space 2560K, 85% used [0x00000000d6a00000,0x00000000d6c20810,0x00000000d6c80000)
  to   space 2560K, 0% used [0x00000000d6c80000,0x00000000d6c80000,0x00000000d6f00000)
 ParOldGen       total 68608K, used 45628K [0x0000000080000000, 0x0000000084300000, 0x00000000d5580000)
  object space 68608K, 66% used [0x0000000080000000,0x0000000082c8f120,0x0000000084300000)
 Metaspace       used 66450K, committed 67904K, reserved 1114112K
  class space    used 8128K, committed 8768K, reserved 1048576K
}
Event: 92.020 GC heap after
{Heap after GC invocations=53 (full 3):
 PSYoungGen      total 23552K, used 2080K [0x00000000d5580000, 0x00000000d6f00000, 0x0000000100000000)
  eden space 20992K, 0% used [0x00000000d5580000,0x00000000d5580000,0x00000000d6a00000)
  from space 2560K, 81% used [0x00000000d6c80000,0x00000000d6e88010,0x00000000d6f00000)
  to   space 2560K, 0% used [0x00000000d6a00000,0x00000000d6a00000,0x00000000d6c80000)
 ParOldGen       total 68608K, used 47690K [0x0000000080000000, 0x0000000084300000, 0x00000000d5580000)
  object space 68608K, 69% used [0x0000000080000000,0x0000000082e92a60,0x0000000084300000)
 Metaspace       used 66450K, committed 67904K, reserved 1114112K
  class space    used 8128K, committed 8768K, reserved 1048576K
}
Event: 92.077 GC heap before
{Heap before GC invocations=54 (full 3):
 PSYoungGen      total 23552K, used 23072K [0x00000000d5580000, 0x00000000d6f00000, 0x0000000100000000)
  eden space 20992K, 100% used [0x00000000d5580000,0x00000000d6a00000,0x00000000d6a00000)
  from space 2560K, 81% used [0x00000000d6c80000,0x00000000d6e88010,0x00000000d6f00000)
  to   space 2560K, 0% used [0x00000000d6a00000,0x00000000d6a00000,0x00000000d6c80000)
 ParOldGen       total 68608K, used 47690K [0x0000000080000000, 0x0000000084300000, 0x00000000d5580000)
  object space 68608K, 69% used [0x0000000080000000,0x0000000082e92a60,0x0000000084300000)
 Metaspace       used 66461K, committed 67968K, reserved 1114112K
  class space    used 8128K, committed 8768K, reserved 1048576K
}
Event: 92.080 GC heap after
{Heap after GC invocations=54 (full 3):
 PSYoungGen      total 23552K, used 2308K [0x00000000d5580000, 0x00000000d6f00000, 0x0000000100000000)
  eden space 20992K, 0% used [0x00000000d5580000,0x00000000d5580000,0x00000000d6a00000)
  from space 2560K, 90% used [0x00000000d6a00000,0x00000000d6c41000,0x00000000d6c80000)
  to   space 2560K, 0% used [0x00000000d6c80000,0x00000000d6c80000,0x00000000d6f00000)
 ParOldGen       total 68608K, used 49554K [0x0000000080000000, 0x0000000084300000, 0x00000000d5580000)
  object space 68608K, 72% used [0x0000000080000000,0x0000000083064a70,0x0000000084300000)
 Metaspace       used 66461K, committed 67968K, reserved 1114112K
  class space    used 8128K, committed 8768K, reserved 1048576K
}
Event: 92.127 GC heap before
{Heap before GC invocations=55 (full 3):
 PSYoungGen      total 23552K, used 23300K [0x00000000d5580000, 0x00000000d6f00000, 0x0000000100000000)
  eden space 20992K, 100% used [0x00000000d5580000,0x00000000d6a00000,0x00000000d6a00000)
  from space 2560K, 90% used [0x00000000d6a00000,0x00000000d6c41000,0x00000000d6c80000)
  to   space 2560K, 0% used [0x00000000d6c80000,0x00000000d6c80000,0x00000000d6f00000)
 ParOldGen       total 68608K, used 49554K [0x0000000080000000, 0x0000000084300000, 0x00000000d5580000)
  object space 68608K, 72% used [0x0000000080000000,0x0000000083064a70,0x0000000084300000)
 Metaspace       used 66464K, committed 67968K, reserved 1114112K
  class space    used 8128K, committed 8768K, reserved 1048576K
}
Event: 92.129 GC heap after
{Heap after GC invocations=55 (full 3):
 PSYoungGen      total 23552K, used 1920K [0x00000000d5580000, 0x00000000d6f00000, 0x0000000100000000)
  eden space 20992K, 0% used [0x00000000d5580000,0x00000000d5580000,0x00000000d6a00000)
  from space 2560K, 75% used [0x00000000d6c80000,0x00000000d6e60000,0x00000000d6f00000)
  to   space 2560K, 0% used [0x00000000d6a00000,0x00000000d6a00000,0x00000000d6c80000)
 ParOldGen       total 68608K, used 51662K [0x0000000080000000, 0x0000000084300000, 0x00000000d5580000)
  object space 68608K, 75% used [0x0000000080000000,0x0000000083273a98,0x0000000084300000)
 Metaspace       used 66464K, committed 67968K, reserved 1114112K
  class space    used 8128K, committed 8768K, reserved 1048576K
}
Event: 92.215 GC heap before
{Heap before GC invocations=56 (full 3):
 PSYoungGen      total 23552K, used 22912K [0x00000000d5580000, 0x00000000d6f00000, 0x0000000100000000)
  eden space 20992K, 100% used [0x00000000d5580000,0x00000000d6a00000,0x00000000d6a00000)
  from space 2560K, 75% used [0x00000000d6c80000,0x00000000d6e60000,0x00000000d6f00000)
  to   space 2560K, 0% used [0x00000000d6a00000,0x00000000d6a00000,0x00000000d6c80000)
 ParOldGen       total 68608K, used 51662K [0x0000000080000000, 0x0000000084300000, 0x00000000d5580000)
  object space 68608K, 75% used [0x0000000080000000,0x0000000083273a98,0x0000000084300000)
 Metaspace       used 66516K, committed 67968K, reserved 1114112K
  class space    used 8131K, committed 8768K, reserved 1048576K
}
Event: 92.218 GC heap after
{Heap after GC invocations=56 (full 3):
 PSYoungGen      total 23552K, used 2112K [0x00000000d5580000, 0x00000000d6f00000, 0x0000000100000000)
  eden space 20992K, 0% used [0x00000000d5580000,0x00000000d5580000,0x00000000d6a00000)
  from space 2560K, 82% used [0x00000000d6a00000,0x00000000d6c10010,0x00000000d6c80000)
  to   space 2560K, 0% used [0x00000000d6c80000,0x00000000d6c80000,0x00000000d6f00000)
 ParOldGen       total 68608K, used 53414K [0x0000000080000000, 0x0000000084300000, 0x00000000d5580000)
  object space 68608K, 77% used [0x0000000080000000,0x0000000083429a98,0x0000000084300000)
 Metaspace       used 66516K, committed 67968K, reserved 1114112K
  class space    used 8131K, committed 8768K, reserved 1048576K
}
Event: 92.332 GC heap before
{Heap before GC invocations=57 (full 3):
 PSYoungGen      total 23552K, used 23104K [0x00000000d5580000, 0x00000000d6f00000, 0x0000000100000000)
  eden space 20992K, 100% used [0x00000000d5580000,0x00000000d6a00000,0x00000000d6a00000)
  from space 2560K, 82% used [0x00000000d6a00000,0x00000000d6c10010,0x00000000d6c80000)
  to   space 2560K, 0% used [0x00000000d6c80000,0x00000000d6c80000,0x00000000d6f00000)
 ParOldGen       total 68608K, used 53414K [0x0000000080000000, 0x0000000084300000, 0x00000000d5580000)
  object space 68608K, 77% used [0x0000000080000000,0x0000000083429a98,0x0000000084300000)
 Metaspace       used 66716K, committed 68160K, reserved 1114112K
  class space    used 8142K, committed 8768K, reserved 1048576K
}
Event: 92.335 GC heap after
{Heap after GC invocations=57 (full 3):
 PSYoungGen      total 23552K, used 2024K [0x00000000d5580000, 0x00000000d6f00000, 0x0000000100000000)
  eden space 20992K, 0% used [0x00000000d5580000,0x00000000d5580000,0x00000000d6a00000)
  from space 2560K, 79% used [0x00000000d6c80000,0x00000000d6e7a3c0,0x00000000d6f00000)
  to   space 2560K, 0% used [0x00000000d6a00000,0x00000000d6a00000,0x00000000d6c80000)
 ParOldGen       total 68608K, used 55398K [0x0000000080000000, 0x0000000084300000, 0x00000000d5580000)
  object space 68608K, 80% used [0x0000000080000000,0x0000000083619aa8,0x0000000084300000)
 Metaspace       used 66716K, committed 68160K, reserved 1114112K
  class space    used 8142K, committed 8768K, reserved 1048576K
}

