# JRE version: OpenJDK Runtime Environment Temurin-17.0.15+6 (17.0.15+6) (build 17.0.15+6)
# Java VM: OpenJDK 64-Bit Server VM Temurin-17.0.15+6 (17.0.15+6, mixed mode, sharing, tiered, compressed oops, compressed class ptrs, g1 gc, windows-amd64)
GC Precious Log:
 CPUs: 16 total, 16 available
 Memory: 7436M
 Large Page Support: Disabled
 NUMA Support: Disabled
 Compressed Oops: Enabled (Zero based)
 Heap Region Size: 4M
 Heap Min Capacity: 8M
 Heap Initial Capacity: 120M
 Heap Max Capacity: 8G
 Pre-touch: Disabled
 Parallel Workers: 13
 Concurrent Workers: 3
 Concurrent Refinement Workers: 13
 Periodic GC: Disabled
Heap:
 garbage-first heap   total 122880K, used 25432K [0x0000000600000000, 0x0000000800000000)
  region size 4096K, 5 young (20480K), 3 survivors (12288K)
 Metaspace       used 17076K, committed 17408K, reserved 1114112K
  class space    used 2403K, committed 2560K, reserved 1048576K
GC Heap History (8 events):
Event: 0.432 GC heap before
{Heap before GC invocations=0 (full 0):
 garbage-first heap   total 122880K, used 20480K [0x0000000600000000, 0x0000000800000000)
  region size 4096K, 5 young (20480K), 0 survivors (0K)
 Metaspace       used 932K, committed 1088K, reserved 1114112K
  class space    used 68K, committed 128K, reserved 1048576K
}
Event: 0.434 GC heap after
{Heap after GC invocations=1 (full 0):
 garbage-first heap   total 122880K, used 1786K [0x0000000600000000, 0x0000000800000000)
  region size 4096K, 1 young (4096K), 1 survivors (4096K)
 Metaspace       used 932K, committed 1088K, reserved 1114112K
  class space    used 68K, committed 128K, reserved 1048576K
}
Event: 1.533 GC heap before
{Heap before GC invocations=1 (full 0):
 garbage-first heap   total 122880K, used 46842K [0x0000000600000000, 0x0000000800000000)
  region size 4096K, 11 young (45056K), 1 survivors (4096K)
 Metaspace       used 4452K, committed 4608K, reserved 1114112K
  class space    used 542K, committed 640K, reserved 1048576K
}
Event: 1.538 GC heap after
{Heap after GC invocations=2 (full 0):
 garbage-first heap   total 122880K, used 11331K [0x0000000600000000, 0x0000000800000000)
  region size 4096K, 2 young (8192K), 2 survivors (8192K)
 Metaspace       used 4452K, committed 4608K, reserved 1114112K
  class space    used 542K, committed 640K, reserved 1048576K
}
Event: 2.374 GC heap before
{Heap before GC invocations=2 (full 0):
 garbage-first heap   total 122880K, used 56387K [0x0000000600000000, 0x0000000800000000)
  region size 4096K, 13 young (53248K), 2 survivors (8192K)
 Metaspace       used 5182K, committed 5376K, reserved 1114112K
  class space    used 674K, committed 768K, reserved 1048576K
}
Event: 2.383 GC heap after
{Heap after GC invocations=3 (full 0):
 garbage-first heap   total 122880K, used 16698K [0x0000000600000000, 0x0000000800000000)
  region size 4096K, 2 young (8192K), 2 survivors (8192K)
 Metaspace       used 5182K, committed 5376K, reserved 1114112K
  class space    used 674K, committed 768K, reserved 1048576K
}
Event: 5.319 GC heap before
{Heap before GC invocations=3 (full 0):
 garbage-first heap   total 122880K, used 78138K [0x0000000600000000, 0x0000000800000000)
  region size 4096K, 17 young (69632K), 2 survivors (8192K)
 Metaspace       used 16696K, committed 16960K, reserved 1114112K
  class space    used 2334K, committed 2432K, reserved 1048576K
}
Event: 5.325 GC heap after
{Heap after GC invocations=4 (full 0):
 garbage-first heap   total 122880K, used 21336K [0x0000000600000000, 0x0000000800000000)
  region size 4096K, 3 young (12288K), 3 survivors (12288K)
 Metaspace       used 16696K, committed 16960K, reserved 1114112K
  class space    used 2334K, committed 2432K, reserved 1048576K
}

